This file contains any messages produced by compilers while
running configure, to aid debugging if configure makes a mistake.

It was created by dosbox configure SVN, which was
generated by GNU Autoconf 2.69.  Invocation command line was

  $ ./configure 

## --------- ##
## Platform. ##
## --------- ##

hostname = bulky
uname -m = x86_64
uname -r = 4.1.6-1-ARCH
uname -s = Linux
uname -v = #1 SMP PREEMPT Mon Aug 17 08:52:28 CEST 2015

/usr/bin/uname -p = unknown
/bin/uname -X     = unknown

/bin/arch              = unknown
/usr/bin/arch -k       = unknown
/usr/convex/getsysinfo = unknown
/usr/bin/hostinfo      = unknown
/bin/machine           = unknown
/usr/bin/oslevel       = unknown
/bin/universe          = unknown

PATH: /usr/local/heroku/bin
PATH: /home/rasse/bin
PATH: /home/rasse/dev/sh
PATH: /home/rasse/apps/android-sdk/sdk/tools
PATH: /home/rasse/apps/android-sdk/sdk/platform-tools
PATH: /home/rasse/apps/android-sdk/ndk/android-ndk-r8d
PATH: /home/rasse/.gem/ruby/2.2.0/bin
PATH: /home/rasse/.npm-packages/bin
PATH: /usr/local/bin
PATH: /usr/local/sbin
PATH: /usr/bin
PATH: /opt/android-sdk/platform-tools
PATH: /opt/depot_tools-svn
PATH: /usr/lib/jvm/default/bin
PATH: /usr/bin/site_perl
PATH: /usr/bin/vendor_perl
PATH: /usr/bin/core_perl


## ----------- ##
## Core tests. ##
## ----------- ##

configure:2518: checking build system type
configure:2532: result: x86_64-unknown-linux-gnu
configure:2552: checking host system type
configure:2565: result: x86_64-unknown-linux-gnu
configure:2603: checking for a BSD-compatible install
configure:2671: result: /usr/bin/install -c
configure:2682: checking whether build environment is sane
configure:2737: result: yes
configure:2888: checking for a thread-safe mkdir -p
configure:2927: result: /usr/bin/mkdir -p
configure:2934: checking for gawk
configure:2950: found /usr/bin/gawk
configure:2961: result: gawk
configure:2972: checking whether make sets $(MAKE)
configure:2994: result: yes
configure:3023: checking whether make supports nested variables
configure:3040: result: yes
configure:3169: checking whether make sets $(MAKE)
configure:3191: result: yes
configure:3248: checking for gcc
configure:3264: found /usr/bin/gcc
configure:3275: result: gcc
configure:3504: checking for C compiler version
configure:3513: gcc --version >&5
gcc (GCC) 5.2.0
Copyright (C) 2015 Free Software Foundation, Inc.
This is free software; see the source for copying conditions.  There is NO
warranty; not even for MERCHANTABILITY or FITNESS FOR A PARTICULAR PURPOSE.

configure:3524: $? = 0
configure:3513: gcc -v >&5
Using built-in specs.
COLLECT_GCC=gcc
COLLECT_LTO_WRAPPER=/usr/lib/gcc/x86_64-unknown-linux-gnu/5.2.0/lto-wrapper
Target: x86_64-unknown-linux-gnu
Configured with: /build/gcc/src/gcc-5.2.0/configure --prefix=/usr --libdir=/usr/lib --libexecdir=/usr/lib --mandir=/usr/share/man --infodir=/usr/share/info --with-bugurl=https://bugs.archlinux.org/ --enable-languages=c,c++,ada,fortran,go,lto,objc,obj-c++ --enable-shared --enable-threads=posix --enable-libmpx --with-system-zlib --with-isl --enable-__cxa_atexit --disable-libunwind-exceptions --enable-clocale=gnu --disable-libstdcxx-pch --disable-libssp --enable-gnu-unique-object --enable-linker-build-id --enable-lto --enable-plugin --enable-install-libiberty --with-linker-hash-style=gnu --enable-gnu-indirect-function --disable-multilib --disable-werror --enable-checking=release --with-default-libstdcxx-abi=gcc4-compatible
Thread model: posix
gcc version 5.2.0 (GCC) 
configure:3524: $? = 0
configure:3513: gcc -V >&5
gcc: error: unrecognized command line option '-V'
gcc: fatal error: no input files
compilation terminated.
configure:3524: $? = 1
configure:3513: gcc -qversion >&5
gcc: error: unrecognized command line option '-qversion'
gcc: fatal error: no input files
compilation terminated.
configure:3524: $? = 1
configure:3544: checking whether the C compiler works
configure:3566: gcc    conftest.c  >&5
configure:3570: $? = 0
configure:3618: result: yes
configure:3621: checking for C compiler default output file name
configure:3623: result: a.out
configure:3629: checking for suffix of executables
configure:3636: gcc -o conftest    conftest.c  >&5
configure:3640: $? = 0
configure:3662: result: 
configure:3684: checking whether we are cross compiling
configure:3692: gcc -o conftest    conftest.c  >&5
configure:3696: $? = 0
configure:3703: ./conftest
configure:3707: $? = 0
configure:3722: result: no
configure:3727: checking for suffix of object files
configure:3749: gcc -c   conftest.c >&5
configure:3753: $? = 0
configure:3774: result: o
configure:3778: checking whether we are using the GNU C compiler
configure:3797: gcc -c   conftest.c >&5
configure:3797: $? = 0
configure:3806: result: yes
configure:3815: checking whether gcc accepts -g
configure:3835: gcc -c -g  conftest.c >&5
configure:3835: $? = 0
configure:3876: result: yes
configure:3893: checking for gcc option to accept ISO C89
configure:3956: gcc  -c -g -O2  conftest.c >&5
configure:3956: $? = 0
configure:3969: result: none needed
configure:3994: checking whether gcc understands -c and -o together
configure:4016: gcc -c conftest.c -o conftest2.o
configure:4019: $? = 0
configure:4016: gcc -c conftest.c -o conftest2.o
configure:4019: $? = 0
configure:4031: result: yes
configure:4059: checking for style of include used by make
configure:4087: result: GNU
configure:4113: checking dependency style of gcc
configure:4224: result: gcc3
configure:4244: checking how to run the C preprocessor
configure:4275: gcc -E  conftest.c
configure:4275: $? = 0
configure:4289: gcc -E  conftest.c
conftest.c:11:28: fatal error: ac_nonexistent.h: No such file or directory
compilation terminated.
configure:4289: $? = 1
configure: failed program was:
| /* confdefs.h */
| #define PACKAGE_NAME "dosbox"
| #define PACKAGE_TARNAME "dosbox"
| #define PACKAGE_VERSION "SVN"
| #define PACKAGE_STRING "dosbox SVN"
| #define PACKAGE_BUGREPORT ""
| #define PACKAGE_URL ""
| #define PACKAGE "dosbox"
| #define VERSION "SVN"
| /* end confdefs.h.  */
| #include <ac_nonexistent.h>
configure:4314: result: gcc -E
configure:4334: gcc -E  conftest.c
configure:4334: $? = 0
configure:4348: gcc -E  conftest.c
conftest.c:11:28: fatal error: ac_nonexistent.h: No such file or directory
compilation terminated.
configure:4348: $? = 1
configure: failed program was:
| /* confdefs.h */
| #define PACKAGE_NAME "dosbox"
| #define PACKAGE_TARNAME "dosbox"
| #define PACKAGE_VERSION "SVN"
| #define PACKAGE_STRING "dosbox SVN"
| #define PACKAGE_BUGREPORT ""
| #define PACKAGE_URL ""
| #define PACKAGE "dosbox"
| #define VERSION "SVN"
| /* end confdefs.h.  */
| #include <ac_nonexistent.h>
configure:4434: checking for g++
configure:4450: found /usr/bin/g++
configure:4461: result: g++
configure:4488: checking for C++ compiler version
configure:4497: g++ --version >&5
g++ (GCC) 5.2.0
Copyright (C) 2015 Free Software Foundation, Inc.
This is free software; see the source for copying conditions.  There is NO
warranty; not even for MERCHANTABILITY or FITNESS FOR A PARTICULAR PURPOSE.

configure:4508: $? = 0
configure:4497: g++ -v >&5
Using built-in specs.
COLLECT_GCC=g++
COLLECT_LTO_WRAPPER=/usr/lib/gcc/x86_64-unknown-linux-gnu/5.2.0/lto-wrapper
Target: x86_64-unknown-linux-gnu
Configured with: /build/gcc/src/gcc-5.2.0/configure --prefix=/usr --libdir=/usr/lib --libexecdir=/usr/lib --mandir=/usr/share/man --infodir=/usr/share/info --with-bugurl=https://bugs.archlinux.org/ --enable-languages=c,c++,ada,fortran,go,lto,objc,obj-c++ --enable-shared --enable-threads=posix --enable-libmpx --with-system-zlib --with-isl --enable-__cxa_atexit --disable-libunwind-exceptions --enable-clocale=gnu --disable-libstdcxx-pch --disable-libssp --enable-gnu-unique-object --enable-linker-build-id --enable-lto --enable-plugin --enable-install-libiberty --with-linker-hash-style=gnu --enable-gnu-indirect-function --disable-multilib --disable-werror --enable-checking=release --with-default-libstdcxx-abi=gcc4-compatible
Thread model: posix
gcc version 5.2.0 (GCC) 
configure:4508: $? = 0
configure:4497: g++ -V >&5
g++: error: unrecognized command line option '-V'
g++: fatal error: no input files
compilation terminated.
configure:4508: $? = 1
configure:4497: g++ -qversion >&5
g++: error: unrecognized command line option '-qversion'
g++: fatal error: no input files
compilation terminated.
configure:4508: $? = 1
configure:4512: checking whether we are using the GNU C++ compiler
configure:4531: g++ -c   conftest.cpp >&5
configure:4531: $? = 0
configure:4540: result: yes
configure:4549: checking whether g++ accepts -g
configure:4569: g++ -c -g  conftest.cpp >&5
configure:4569: $? = 0
configure:4610: result: yes
configure:4635: checking dependency style of g++
configure:4746: result: gcc3
configure:4805: checking for ranlib
configure:4821: found /usr/bin/ranlib
configure:4832: result: ranlib
configure:4901: checking for sdl-config
configure:4919: found /usr/bin/sdl-config
configure:4932: result: /usr/bin/sdl-config
configure:4941: checking for SDL - version >= 1.2.0
configure:5026: gcc -o conftest -g -O2 -I/usr/include/SDL -D_GNU_SOURCE=1 -D_REENTRANT   conftest.c  -L/usr/lib -lSDL -lpthread >&5
configure:5026: $? = 0
configure:5026: ./conftest
configure:5026: $? = 0
configure:5040: result: yes
configure:5106: checking SDL version only being 1.2.X
configure:5120: gcc -c -g -O2  -I/usr/include/SDL -D_GNU_SOURCE=1 -D_REENTRANT conftest.c >&5
configure:5120: $? = 0
configure:5121: result: yes
configure:5132: checking for an ANSI C-conforming const
configure:5198: gcc -c -g -O2  -I/usr/include/SDL -D_GNU_SOURCE=1 -D_REENTRANT conftest.c >&5
configure:5198: $? = 0
configure:5205: result: yes
configure:5213: checking for inline
configure:5229: gcc -c -g -O2  -I/usr/include/SDL -D_GNU_SOURCE=1 -D_REENTRANT conftest.c >&5
configure:5229: $? = 0
configure:5237: result: inline
configure:5256: checking for grep that handles long lines and -e
configure:5314: result: /usr/bin/grep
configure:5319: checking for egrep
configure:5381: result: /usr/bin/grep -E
configure:5386: checking for ANSI C header files
configure:5406: gcc -c -g -O2  -I/usr/include/SDL -D_GNU_SOURCE=1 -D_REENTRANT conftest.c >&5
configure:5406: $? = 0
configure:5479: gcc -o conftest -g -O2  -I/usr/include/SDL -D_GNU_SOURCE=1 -D_REENTRANT  conftest.c  -L/usr/lib -lSDL -lpthread >&5
configure:5479: $? = 0
configure:5479: ./conftest
configure:5479: $? = 0
configure:5490: result: yes
configure:5503: checking for sys/types.h
configure:5503: gcc -c -g -O2  -I/usr/include/SDL -D_GNU_SOURCE=1 -D_REENTRANT conftest.c >&5
configure:5503: $? = 0
configure:5503: result: yes
configure:5503: checking for sys/stat.h
configure:5503: gcc -c -g -O2  -I/usr/include/SDL -D_GNU_SOURCE=1 -D_REENTRANT conftest.c >&5
configure:5503: $? = 0
configure:5503: result: yes
configure:5503: checking for stdlib.h
configure:5503: gcc -c -g -O2  -I/usr/include/SDL -D_GNU_SOURCE=1 -D_REENTRANT conftest.c >&5
configure:5503: $? = 0
configure:5503: result: yes
configure:5503: checking for string.h
configure:5503: gcc -c -g -O2  -I/usr/include/SDL -D_GNU_SOURCE=1 -D_REENTRANT conftest.c >&5
configure:5503: $? = 0
configure:5503: result: yes
configure:5503: checking for memory.h
configure:5503: gcc -c -g -O2  -I/usr/include/SDL -D_GNU_SOURCE=1 -D_REENTRANT conftest.c >&5
configure:5503: $? = 0
configure:5503: result: yes
configure:5503: checking for strings.h
configure:5503: gcc -c -g -O2  -I/usr/include/SDL -D_GNU_SOURCE=1 -D_REENTRANT conftest.c >&5
configure:5503: $? = 0
configure:5503: result: yes
configure:5503: checking for inttypes.h
configure:5503: gcc -c -g -O2  -I/usr/include/SDL -D_GNU_SOURCE=1 -D_REENTRANT conftest.c >&5
configure:5503: $? = 0
configure:5503: result: yes
configure:5503: checking for stdint.h
configure:5503: gcc -c -g -O2  -I/usr/include/SDL -D_GNU_SOURCE=1 -D_REENTRANT conftest.c >&5
configure:5503: $? = 0
configure:5503: result: yes
configure:5503: checking for unistd.h
configure:5503: gcc -c -g -O2  -I/usr/include/SDL -D_GNU_SOURCE=1 -D_REENTRANT conftest.c >&5
configure:5503: $? = 0
configure:5503: result: yes
configure:5515: checking for size_t
configure:5515: gcc -c -g -O2  -I/usr/include/SDL -D_GNU_SOURCE=1 -D_REENTRANT conftest.c >&5
configure:5515: $? = 0
configure:5515: gcc -c -g -O2  -I/usr/include/SDL -D_GNU_SOURCE=1 -D_REENTRANT conftest.c >&5
conftest.c: In function 'main':
conftest.c:57:21: error: expected expression before ')' token
 if (sizeof ((size_t)))
                     ^
configure:5515: $? = 1
configure: failed program was:
| /* confdefs.h */
| #define PACKAGE_NAME "dosbox"
| #define PACKAGE_TARNAME "dosbox"
| #define PACKAGE_VERSION "SVN"
| #define PACKAGE_STRING "dosbox SVN"
| #define PACKAGE_BUGREPORT ""
| #define PACKAGE_URL ""
| #define PACKAGE "dosbox"
| #define VERSION "SVN"
| #define STDC_HEADERS 1
| #define HAVE_SYS_TYPES_H 1
| #define HAVE_SYS_STAT_H 1
| #define HAVE_STDLIB_H 1
| #define HAVE_STRING_H 1
| #define HAVE_MEMORY_H 1
| #define HAVE_STRINGS_H 1
| #define HAVE_INTTYPES_H 1
| #define HAVE_STDINT_H 1
| #define HAVE_UNISTD_H 1
| /* end confdefs.h.  */
| #include <stdio.h>
| #ifdef HAVE_SYS_TYPES_H
| # include <sys/types.h>
| #endif
| #ifdef HAVE_SYS_STAT_H
| # include <sys/stat.h>
| #endif
| #ifdef STDC_HEADERS
| # include <stdlib.h>
| # include <stddef.h>
| #else
| # ifdef HAVE_STDLIB_H
| #  include <stdlib.h>
| # endif
| #endif
| #ifdef HAVE_STRING_H
| # if !defined STDC_HEADERS && defined HAVE_MEMORY_H
| #  include <memory.h>
| # endif
| # include <string.h>
| #endif
| #ifdef HAVE_STRINGS_H
| # include <strings.h>
| #endif
| #ifdef HAVE_INTTYPES_H
| # include <inttypes.h>
| #endif
| #ifdef HAVE_STDINT_H
| # include <stdint.h>
| #endif
| #ifdef HAVE_UNISTD_H
| # include <unistd.h>
| #endif
| int
| main ()
| {
| if (sizeof ((size_t)))
| 	    return 0;
|   ;
|   return 0;
| }
configure:5515: result: yes
configure:5526: checking whether struct tm is in sys/time.h or time.h
configure:5546: gcc -c -g -O2  -I/usr/include/SDL -D_GNU_SOURCE=1 -D_REENTRANT conftest.c >&5
configure:5546: $? = 0
configure:5553: result: time.h
configure:5565: checking size of unsigned char
configure:5570: gcc -o conftest -g -O2  -I/usr/include/SDL -D_GNU_SOURCE=1 -D_REENTRANT  conftest.c  -L/usr/lib -lSDL -lpthread >&5
configure:5570: $? = 0
configure:5570: ./conftest
configure:5570: $? = 0
configure:5584: result: 1
configure:5598: checking size of unsigned short
configure:5603: gcc -o conftest -g -O2  -I/usr/include/SDL -D_GNU_SOURCE=1 -D_REENTRANT  conftest.c  -L/usr/lib -lSDL -lpthread >&5
configure:5603: $? = 0
configure:5603: ./conftest
configure:5603: $? = 0
configure:5617: result: 2
configure:5631: checking size of unsigned int
configure:5636: gcc -o conftest -g -O2  -I/usr/include/SDL -D_GNU_SOURCE=1 -D_REENTRANT  conftest.c  -L/usr/lib -lSDL -lpthread >&5
configure:5636: $? = 0
configure:5636: ./conftest
configure:5636: $? = 0
configure:5650: result: 4
configure:5664: checking size of unsigned long
configure:5669: gcc -o conftest -g -O2  -I/usr/include/SDL -D_GNU_SOURCE=1 -D_REENTRANT  conftest.c  -L/usr/lib -lSDL -lpthread >&5
configure:5669: $? = 0
configure:5669: ./conftest
configure:5669: $? = 0
configure:5683: result: 8
configure:5697: checking size of unsigned long long
configure:5702: gcc -o conftest -g -O2  -I/usr/include/SDL -D_GNU_SOURCE=1 -D_REENTRANT  conftest.c  -L/usr/lib -lSDL -lpthread >&5
configure:5702: $? = 0
configure:5702: ./conftest
configure:5702: $? = 0
configure:5716: result: 8
configure:5730: checking size of int *
configure:5735: gcc -o conftest -g -O2  -I/usr/include/SDL -D_GNU_SOURCE=1 -D_REENTRANT  conftest.c  -L/usr/lib -lSDL -lpthread >&5
configure:5735: $? = 0
configure:5735: ./conftest
configure:5735: $? = 0
configure:5749: result: 8
configure:5763: checking for stdlib.h
configure:5763: result: yes
configure:5763: checking for sys/types.h
configure:5763: result: yes
configure:5776: checking for sys/socket.h
configure:5776: gcc -c -g -O2  -I/usr/include/SDL -D_GNU_SOURCE=1 -D_REENTRANT conftest.c >&5
configure:5776: $? = 0
configure:5776: result: yes
configure:5776: checking for netinet/in.h
configure:5776: gcc -c -g -O2  -I/usr/include/SDL -D_GNU_SOURCE=1 -D_REENTRANT conftest.c >&5
configure:5776: $? = 0
configure:5776: result: yes
configure:5776: checking for pwd.h
configure:5776: gcc -c -g -O2  -I/usr/include/SDL -D_GNU_SOURCE=1 -D_REENTRANT conftest.c >&5
configure:5776: $? = 0
configure:5776: result: yes
configure:5820: gcc -c -g -O2  -I/usr/include/SDL -D_GNU_SOURCE=1 -D_REENTRANT conftest.c >&5
configure:5820: $? = 0
configure:5829: checking if environ can be included
configure:5844: gcc -o conftest -g -O2  -I/usr/include/SDL -D_GNU_SOURCE=1 -D_REENTRANT  conftest.c  -L/usr/lib -lSDL -lpthread >&5
configure:5844: $? = 0
configure:5845: result: yes
configure:5856: checking if environ can be linked
configure:5869: gcc -o conftest -g -O2  -I/usr/include/SDL -D_GNU_SOURCE=1 -D_REENTRANT  conftest.c  -L/usr/lib -lSDL -lpthread >&5
configure:5869: $? = 0
configure:5870: result: yes
configure:5881: checking if dirent includes d_type
configure:5893: gcc -c -g -O2  -I/usr/include/SDL -D_GNU_SOURCE=1 -D_REENTRANT conftest.c >&5
configure:5893: $? = 0
configure:5894: result: yes
configure:5905: checking for powf in libm
configure:5922: gcc -o conftest -g -O2  -I/usr/include/SDL -D_GNU_SOURCE=1 -D_REENTRANT  conftest.c  -L/usr/lib -lSDL -lpthread -lm >&5
configure:5922: $? = 0
configure:5923: result: yes
configure:5935: checking for library containing clock_gettime
configure:5966: gcc -o conftest -g -O2  -I/usr/include/SDL -D_GNU_SOURCE=1 -D_REENTRANT  conftest.c  -L/usr/lib -lSDL -lpthread >&5
configure:5966: $? = 0
configure:5983: result: none required
configure:6001: checking if compiler allows __attribute__
configure:6015: gcc -c -g -O2  -I/usr/include/SDL -D_GNU_SOURCE=1 -D_REENTRANT conftest.c >&5
configure:6015: $? = 0
configure:6016: result: yes
configure:6031: checking if compiler allows __attribute__((always_inline)) 
configure:6038: gcc -c -Werror  -I/usr/include/SDL -D_GNU_SOURCE=1 -D_REENTRANT conftest.c >&5
configure:6038: $? = 0
configure:6039: result: yes
configure:6049: checking if compiler allows __attribute__((fastcall)) 
configure:6056: gcc -c -Werror  -I/usr/include/SDL -D_GNU_SOURCE=1 -D_REENTRANT conftest.c >&5
conftest.c:38:2: error: 'fastcall' attribute ignored [-Werror=attributes]
  void __attribute__((fastcall)) test(){}
  ^
cc1: all warnings being treated as errors
configure:6056: $? = 1
configure: failed program was:
| /* confdefs.h */
| #define PACKAGE_NAME "dosbox"
| #define PACKAGE_TARNAME "dosbox"
| #define PACKAGE_VERSION "SVN"
| #define PACKAGE_STRING "dosbox SVN"
| #define PACKAGE_BUGREPORT ""
| #define PACKAGE_URL ""
| #define PACKAGE "dosbox"
| #define VERSION "SVN"
| #define STDC_HEADERS 1
| #define HAVE_SYS_TYPES_H 1
| #define HAVE_SYS_STAT_H 1
| #define HAVE_STDLIB_H 1
| #define HAVE_STRING_H 1
| #define HAVE_MEMORY_H 1
| #define HAVE_STRINGS_H 1
| #define HAVE_INTTYPES_H 1
| #define HAVE_STDINT_H 1
| #define HAVE_UNISTD_H 1
| #define SIZEOF_UNSIGNED_CHAR 1
| #define SIZEOF_UNSIGNED_SHORT 2
| #define SIZEOF_UNSIGNED_INT 4
| #define SIZEOF_UNSIGNED_LONG 8
| #define SIZEOF_UNSIGNED_LONG_LONG 8
| #define SIZEOF_INT_P 8
| #define HAVE_STDLIB_H 1
| #define HAVE_SYS_TYPES_H 1
| #define HAVE_SYS_SOCKET_H 1
| #define HAVE_NETINET_IN_H 1
| #define HAVE_PWD_H 1
| #define ENVIRON_INCLUDED 1
| #define ENVIRON_LINKED 1
| #define DIRENT_HAS_D_TYPE 1
| #define DB_HAVE_CLOCK_GETTIME 1
| #define C_HAS_ATTRIBUTE 1
| #define C_ATTRIBUTE_ALWAYS_INLINE 1
| /* end confdefs.h.  */
|  void __attribute__((fastcall)) test(){}
| 
configure:6061: result: no
configure:6079: checking if compiler allows __builtin_expect
configure:6095: g++ -c -g -O2  -I/usr/include/SDL -D_GNU_SOURCE=1 -D_REENTRANT conftest.cpp >&5
configure:6095: $? = 0
configure:6096: result: yes
configure:6115: checking if compiler supports -mno-ms-bitfields
configure:6125: gcc -c -mno-ms-bitfields  -I/usr/include/SDL -D_GNU_SOURCE=1 -D_REENTRANT conftest.c >&5
configure:6125: $? = 0
configure:6127: result: yes
configure:6180: checking for ALSA CFLAGS
configure:6186: result: 
configure:6189: checking for ALSA LDFLAGS
configure:6202: result:  -lasound -lm -ldl -lpthread
configure:6206: checking for libasound headers version >= 0.9.0
configure:6268: gcc -c -g -O2  -I/usr/include/SDL -D_GNU_SOURCE=1 -D_REENTRANT conftest.c >&5
configure:6268: $? = 0
configure:6269: result: found.
configure:6286: checking for snd_ctl_open in -lasound
configure:6311: gcc -o conftest -g -O2  -I/usr/include/SDL -D_GNU_SOURCE=1 -D_REENTRANT  conftest.c -lasound   -lasound -lm -ldl -lpthread -L/usr/lib -lSDL >&5
configure:6311: $? = 0
configure:6320: result: yes
configure:6360: checking whether byte ordering is bigendian
configure:6375: gcc -c -g -O2  -I/usr/include/SDL -D_GNU_SOURCE=1 -D_REENTRANT conftest.c >&5
conftest.c:42:9: error: unknown type name 'not'
         not a universal capable compiler
         ^
conftest.c:42:15: error: expected '=', ',', ';', 'asm' or '__attribute__' before 'universal'
         not a universal capable compiler
               ^
conftest.c:42:15: error: unknown type name 'universal'
configure:6375: $? = 1
configure: failed program was:
| /* confdefs.h */
| #define PACKAGE_NAME "dosbox"
| #define PACKAGE_TARNAME "dosbox"
| #define PACKAGE_VERSION "SVN"
| #define PACKAGE_STRING "dosbox SVN"
| #define PACKAGE_BUGREPORT ""
| #define PACKAGE_URL ""
| #define PACKAGE "dosbox"
| #define VERSION "SVN"
| #define STDC_HEADERS 1
| #define HAVE_SYS_TYPES_H 1
| #define HAVE_SYS_STAT_H 1
| #define HAVE_STDLIB_H 1
| #define HAVE_STRING_H 1
| #define HAVE_MEMORY_H 1
| #define HAVE_STRINGS_H 1
| #define HAVE_INTTYPES_H 1
| #define HAVE_STDINT_H 1
| #define HAVE_UNISTD_H 1
| #define SIZEOF_UNSIGNED_CHAR 1
| #define SIZEOF_UNSIGNED_SHORT 2
| #define SIZEOF_UNSIGNED_INT 4
| #define SIZEOF_UNSIGNED_LONG 8
| #define SIZEOF_UNSIGNED_LONG_LONG 8
| #define SIZEOF_INT_P 8
| #define HAVE_STDLIB_H 1
| #define HAVE_SYS_TYPES_H 1
| #define HAVE_SYS_SOCKET_H 1
| #define HAVE_NETINET_IN_H 1
| #define HAVE_PWD_H 1
| #define ENVIRON_INCLUDED 1
| #define ENVIRON_LINKED 1
| #define DIRENT_HAS_D_TYPE 1
| #define DB_HAVE_CLOCK_GETTIME 1
| #define C_HAS_ATTRIBUTE 1
| #define C_ATTRIBUTE_ALWAYS_INLINE 1
| #define C_HAS_BUILTIN_EXPECT 1
| #define HAVE_LIBASOUND 1
| #define HAVE_ALSA 1
| /* end confdefs.h.  */
| #ifndef __APPLE_CC__
| 	       not a universal capable compiler
| 	     #endif
| 	     typedef int dummy;
| 
configure:6420: gcc -c -g -O2  -I/usr/include/SDL -D_GNU_SOURCE=1 -D_REENTRANT conftest.c >&5
configure:6420: $? = 0
configure:6438: gcc -c -g -O2  -I/usr/include/SDL -D_GNU_SOURCE=1 -D_REENTRANT conftest.c >&5
conftest.c: In function 'main':
conftest.c:48:4: error: unknown type name 'not'
    not big endian
    ^
conftest.c:48:12: error: expected '=', ',', ';', 'asm' or '__attribute__' before 'endian'
    not big endian
            ^
configure:6438: $? = 1
configure: failed program was:
| /* confdefs.h */
| #define PACKAGE_NAME "dosbox"
| #define PACKAGE_TARNAME "dosbox"
| #define PACKAGE_VERSION "SVN"
| #define PACKAGE_STRING "dosbox SVN"
| #define PACKAGE_BUGREPORT ""
| #define PACKAGE_URL ""
| #define PACKAGE "dosbox"
| #define VERSION "SVN"
| #define STDC_HEADERS 1
| #define HAVE_SYS_TYPES_H 1
| #define HAVE_SYS_STAT_H 1
| #define HAVE_STDLIB_H 1
| #define HAVE_STRING_H 1
| #define HAVE_MEMORY_H 1
| #define HAVE_STRINGS_H 1
| #define HAVE_INTTYPES_H 1
| #define HAVE_STDINT_H 1
| #define HAVE_UNISTD_H 1
| #define SIZEOF_UNSIGNED_CHAR 1
| #define SIZEOF_UNSIGNED_SHORT 2
| #define SIZEOF_UNSIGNED_INT 4
| #define SIZEOF_UNSIGNED_LONG 8
| #define SIZEOF_UNSIGNED_LONG_LONG 8
| #define SIZEOF_INT_P 8
| #define HAVE_STDLIB_H 1
| #define HAVE_SYS_TYPES_H 1
| #define HAVE_SYS_SOCKET_H 1
| #define HAVE_NETINET_IN_H 1
| #define HAVE_PWD_H 1
| #define ENVIRON_INCLUDED 1
| #define ENVIRON_LINKED 1
| #define DIRENT_HAS_D_TYPE 1
| #define DB_HAVE_CLOCK_GETTIME 1
| #define C_HAS_ATTRIBUTE 1
| #define C_ATTRIBUTE_ALWAYS_INLINE 1
| #define C_HAS_BUILTIN_EXPECT 1
| #define HAVE_LIBASOUND 1
| #define HAVE_ALSA 1
| /* end confdefs.h.  */
| #include <sys/types.h>
| 		#include <sys/param.h>
| 
| int
| main ()
| {
| #if BYTE_ORDER != BIG_ENDIAN
| 		 not big endian
| 		#endif
| 
|   ;
|   return 0;
| }
configure:6566: result: no
configure:6768: checking for target cpu type
configure:6774: result: x86-64 bit compatible
configure:6828: checking whether x86 dynamic cpu core will be enabled
configure:6840: result: no
configure:6853: checking whether recompiling cpu core will be enabled
configure:6873: result: yes
configure:6890: checking whether fpu emulation will be enabled
configure:6893: result: yes
configure:6917: checking whether the x86/x64 assembly fpu core will be enabled
configure:6927: result: yes
configure:6947: checking whether to enable unaligned memory access
configure:6952: result: yes
configure:6960: checking png.h usability
configure:6960: gcc -c -g -O2  -I/usr/include/SDL -D_GNU_SOURCE=1 -D_REENTRANT conftest.c >&5
configure:6960: $? = 0
configure:6960: result: yes
configure:6960: checking png.h presence
configure:6960: gcc -E  -I/usr/include/SDL -D_GNU_SOURCE=1 -D_REENTRANT conftest.c
configure:6960: $? = 0
configure:6960: result: yes
configure:6960: checking for png.h
configure:6960: result: yes
configure:6966: checking for png_get_io_ptr in -lpng
configure:6991: gcc -o conftest -g -O2  -I/usr/include/SDL -D_GNU_SOURCE=1 -D_REENTRANT  conftest.c -lpng -lz -lasound -lm -ldl -lpthread -L/usr/lib -lSDL >&5
configure:6991: $? = 0
configure:7000: result: yes
configure:7017: checking SDL_net.h usability
configure:7017: gcc -c -g -O2  -I/usr/include/SDL -D_GNU_SOURCE=1 -D_REENTRANT conftest.c >&5
conftest.c:80:21: fatal error: SDL_net.h: No such file or directory
compilation terminated.
configure:7017: $? = 1
configure: failed program was:
| /* confdefs.h */
| #define PACKAGE_NAME "dosbox"
| #define PACKAGE_TARNAME "dosbox"
| #define PACKAGE_VERSION "SVN"
| #define PACKAGE_STRING "dosbox SVN"
| #define PACKAGE_BUGREPORT ""
| #define PACKAGE_URL ""
| #define PACKAGE "dosbox"
| #define VERSION "SVN"
| #define STDC_HEADERS 1
| #define HAVE_SYS_TYPES_H 1
| #define HAVE_SYS_STAT_H 1
| #define HAVE_STDLIB_H 1
| #define HAVE_STRING_H 1
| #define HAVE_MEMORY_H 1
| #define HAVE_STRINGS_H 1
| #define HAVE_INTTYPES_H 1
| #define HAVE_STDINT_H 1
| #define HAVE_UNISTD_H 1
| #define SIZEOF_UNSIGNED_CHAR 1
| #define SIZEOF_UNSIGNED_SHORT 2
| #define SIZEOF_UNSIGNED_INT 4
| #define SIZEOF_UNSIGNED_LONG 8
| #define SIZEOF_UNSIGNED_LONG_LONG 8
| #define SIZEOF_INT_P 8
| #define HAVE_STDLIB_H 1
| #define HAVE_SYS_TYPES_H 1
| #define HAVE_SYS_SOCKET_H 1
| #define HAVE_NETINET_IN_H 1
| #define HAVE_PWD_H 1
| #define ENVIRON_INCLUDED 1
| #define ENVIRON_LINKED 1
| #define DIRENT_HAS_D_TYPE 1
| #define DB_HAVE_CLOCK_GETTIME 1
| #define C_HAS_ATTRIBUTE 1
| #define C_ATTRIBUTE_ALWAYS_INLINE 1
| #define C_HAS_BUILTIN_EXPECT 1
| #define HAVE_LIBASOUND 1
| #define HAVE_ALSA 1
| #define C_TARGETCPU X86_64
| #define C_DYNREC 1
| #define C_FPU 1
| #define C_FPU_X86 1
| #define C_UNALIGNED_MEMORY 1
| #define C_SSHOT 1
| /* end confdefs.h.  */
| #include <stdio.h>
| #ifdef HAVE_SYS_TYPES_H
| # include <sys/types.h>
| #endif
| #ifdef HAVE_SYS_STAT_H
| # include <sys/stat.h>
| #endif
| #ifdef STDC_HEADERS
| # include <stdlib.h>
| # include <stddef.h>
| #else
| # ifdef HAVE_STDLIB_H
| #  include <stdlib.h>
| # endif
| #endif
| #ifdef HAVE_STRING_H
| # if !defined STDC_HEADERS && defined HAVE_MEMORY_H
| #  include <memory.h>
| # endif
| # include <string.h>
| #endif
| #ifdef HAVE_STRINGS_H
| # include <strings.h>
| #endif
| #ifdef HAVE_INTTYPES_H
| # include <inttypes.h>
| #endif
| #ifdef HAVE_STDINT_H
| # include <stdint.h>
| #endif
| #ifdef HAVE_UNISTD_H
| # include <unistd.h>
| #endif
| #include <SDL_net.h>
configure:7017: result: no
configure:7017: checking SDL_net.h presence
configure:7017: gcc -E  -I/usr/include/SDL -D_GNU_SOURCE=1 -D_REENTRANT conftest.c
conftest.c:47:21: fatal error: SDL_net.h: No such file or directory
compilation terminated.
configure:7017: $? = 1
configure: failed program was:
| /* confdefs.h */
| #define PACKAGE_NAME "dosbox"
| #define PACKAGE_TARNAME "dosbox"
| #define PACKAGE_VERSION "SVN"
| #define PACKAGE_STRING "dosbox SVN"
| #define PACKAGE_BUGREPORT ""
| #define PACKAGE_URL ""
| #define PACKAGE "dosbox"
| #define VERSION "SVN"
| #define STDC_HEADERS 1
| #define HAVE_SYS_TYPES_H 1
| #define HAVE_SYS_STAT_H 1
| #define HAVE_STDLIB_H 1
| #define HAVE_STRING_H 1
| #define HAVE_MEMORY_H 1
| #define HAVE_STRINGS_H 1
| #define HAVE_INTTYPES_H 1
| #define HAVE_STDINT_H 1
| #define HAVE_UNISTD_H 1
| #define SIZEOF_UNSIGNED_CHAR 1
| #define SIZEOF_UNSIGNED_SHORT 2
| #define SIZEOF_UNSIGNED_INT 4
| #define SIZEOF_UNSIGNED_LONG 8
| #define SIZEOF_UNSIGNED_LONG_LONG 8
| #define SIZEOF_INT_P 8
| #define HAVE_STDLIB_H 1
| #define HAVE_SYS_TYPES_H 1
| #define HAVE_SYS_SOCKET_H 1
| #define HAVE_NETINET_IN_H 1
| #define HAVE_PWD_H 1
| #define ENVIRON_INCLUDED 1
| #define ENVIRON_LINKED 1
| #define DIRENT_HAS_D_TYPE 1
| #define DB_HAVE_CLOCK_GETTIME 1
| #define C_HAS_ATTRIBUTE 1
| #define C_ATTRIBUTE_ALWAYS_INLINE 1
| #define C_HAS_BUILTIN_EXPECT 1
| #define HAVE_LIBASOUND 1
| #define HAVE_ALSA 1
| #define C_TARGETCPU X86_64
| #define C_DYNREC 1
| #define C_FPU 1
| #define C_FPU_X86 1
| #define C_UNALIGNED_MEMORY 1
| #define C_SSHOT 1
| /* end confdefs.h.  */
| #include <SDL_net.h>
configure:7017: result: no
configure:7017: checking for SDL_net.h
configure:7017: result: no
configure:7053: checking for SDLNet_Init in -lSDL_net
configure:7078: gcc -o conftest -g -O2  -I/usr/include/SDL -D_GNU_SOURCE=1 -D_REENTRANT  conftest.c -lSDL_net  -lasound -lm -ldl -lpthread -L/usr/lib -lSDL -lpng -lz >&5
/usr/bin/ld: cannot find -lSDL_net
collect2: error: ld returned 1 exit status
configure:7078: $? = 1
configure: failed program was:
| /* confdefs.h */
| #define PACKAGE_NAME "dosbox"
| #define PACKAGE_TARNAME "dosbox"
| #define PACKAGE_VERSION "SVN"
| #define PACKAGE_STRING "dosbox SVN"
| #define PACKAGE_BUGREPORT ""
| #define PACKAGE_URL ""
| #define PACKAGE "dosbox"
| #define VERSION "SVN"
| #define STDC_HEADERS 1
| #define HAVE_SYS_TYPES_H 1
| #define HAVE_SYS_STAT_H 1
| #define HAVE_STDLIB_H 1
| #define HAVE_STRING_H 1
| #define HAVE_MEMORY_H 1
| #define HAVE_STRINGS_H 1
| #define HAVE_INTTYPES_H 1
| #define HAVE_STDINT_H 1
| #define HAVE_UNISTD_H 1
| #define SIZEOF_UNSIGNED_CHAR 1
| #define SIZEOF_UNSIGNED_SHORT 2
| #define SIZEOF_UNSIGNED_INT 4
| #define SIZEOF_UNSIGNED_LONG 8
| #define SIZEOF_UNSIGNED_LONG_LONG 8
| #define SIZEOF_INT_P 8
| #define HAVE_STDLIB_H 1
| #define HAVE_SYS_TYPES_H 1
| #define HAVE_SYS_SOCKET_H 1
| #define HAVE_NETINET_IN_H 1
| #define HAVE_PWD_H 1
| #define ENVIRON_INCLUDED 1
| #define ENVIRON_LINKED 1
| #define DIRENT_HAS_D_TYPE 1
| #define DB_HAVE_CLOCK_GETTIME 1
| #define C_HAS_ATTRIBUTE 1
| #define C_ATTRIBUTE_ALWAYS_INLINE 1
| #define C_HAS_BUILTIN_EXPECT 1
| #define HAVE_LIBASOUND 1
| #define HAVE_ALSA 1
| #define C_TARGETCPU X86_64
| #define C_DYNREC 1
| #define C_FPU 1
| #define C_FPU_X86 1
| #define C_UNALIGNED_MEMORY 1
| #define C_SSHOT 1
| /* end confdefs.h.  */
| 
| /* Override any GCC internal prototype to avoid an error.
|    Use char because int might match the return type of a GCC
|    builtin and then its argument prototype would still apply.  */
| #ifdef __cplusplus
| extern "C"
| #endif
| char SDLNet_Init ();
| int
| main ()
| {
| return SDLNet_Init ();
|   ;
|   return 0;
| }
configure:7087: result: no
configure:7101: WARNING: Can't find SDL_net, internal modem and ipx disabled
configure:7106: checking for main in -lX11
configure:7125: gcc -o conftest -g -O2  -I/usr/include/SDL -D_GNU_SOURCE=1 -D_REENTRANT  conftest.c -lX11  -lasound -lm -ldl -lpthread -L/usr/lib -lSDL -lpng -lz >&5
configure:7125: $? = 0
configure:7134: result: yes
configure:7142: checking X11/XKBlib.h usability
configure:7142: gcc -c -g -O2  -I/usr/include/SDL -D_GNU_SOURCE=1 -D_REENTRANT conftest.c >&5
configure:7142: $? = 0
configure:7142: result: yes
configure:7142: checking X11/XKBlib.h presence
configure:7142: gcc -E  -I/usr/include/SDL -D_GNU_SOURCE=1 -D_REENTRANT conftest.c
configure:7142: $? = 0
configure:7142: result: yes
configure:7142: checking for X11/XKBlib.h
configure:7142: result: yes
configure:7150: checking for XKBlib support
configure:7156: result: yes
configure:7164: checking for main in -lGL
configure:7183: gcc -o conftest -g -O2  -I/usr/include/SDL -D_GNU_SOURCE=1 -D_REENTRANT  conftest.c -lGL  -lasound -lm -ldl -lpthread -L/usr/lib -lSDL -lpng -lz -lX11 >&5
configure:7183: $? = 0
configure:7192: result: yes
configure:7200: checking for main in -lopengl32
configure:7219: gcc -o conftest -g -O2  -I/usr/include/SDL -D_GNU_SOURCE=1 -D_REENTRANT  conftest.c -lopengl32  -lasound -lm -ldl -lpthread -L/usr/lib -lSDL -lpng -lz -lX11 >&5
/usr/bin/ld: cannot find -lopengl32
collect2: error: ld returned 1 exit status
configure:7219: $? = 1
configure: failed program was:
| /* confdefs.h */
| #define PACKAGE_NAME "dosbox"
| #define PACKAGE_TARNAME "dosbox"
| #define PACKAGE_VERSION "SVN"
| #define PACKAGE_STRING "dosbox SVN"
| #define PACKAGE_BUGREPORT ""
| #define PACKAGE_URL ""
| #define PACKAGE "dosbox"
| #define VERSION "SVN"
| #define STDC_HEADERS 1
| #define HAVE_SYS_TYPES_H 1
| #define HAVE_SYS_STAT_H 1
| #define HAVE_STDLIB_H 1
| #define HAVE_STRING_H 1
| #define HAVE_MEMORY_H 1
| #define HAVE_STRINGS_H 1
| #define HAVE_INTTYPES_H 1
| #define HAVE_STDINT_H 1
| #define HAVE_UNISTD_H 1
| #define SIZEOF_UNSIGNED_CHAR 1
| #define SIZEOF_UNSIGNED_SHORT 2
| #define SIZEOF_UNSIGNED_INT 4
| #define SIZEOF_UNSIGNED_LONG 8
| #define SIZEOF_UNSIGNED_LONG_LONG 8
| #define SIZEOF_INT_P 8
| #define HAVE_STDLIB_H 1
| #define HAVE_SYS_TYPES_H 1
| #define HAVE_SYS_SOCKET_H 1
| #define HAVE_NETINET_IN_H 1
| #define HAVE_PWD_H 1
| #define ENVIRON_INCLUDED 1
| #define ENVIRON_LINKED 1
| #define DIRENT_HAS_D_TYPE 1
| #define DB_HAVE_CLOCK_GETTIME 1
| #define C_HAS_ATTRIBUTE 1
| #define C_ATTRIBUTE_ALWAYS_INLINE 1
| #define C_HAS_BUILTIN_EXPECT 1
| #define HAVE_LIBASOUND 1
| #define HAVE_ALSA 1
| #define C_TARGETCPU X86_64
| #define C_DYNREC 1
| #define C_FPU 1
| #define C_FPU_X86 1
| #define C_UNALIGNED_MEMORY 1
| #define C_SSHOT 1
| #define C_X11_XKB 1
| /* end confdefs.h.  */
| 
| 
| int
| main ()
| {
| return main ();
|   ;
|   return 0;
| }
configure:7228: result: no
configure:7236: checking GL/gl.h usability
configure:7236: gcc -c -g -O2  -I/usr/include/SDL -D_GNU_SOURCE=1 -D_REENTRANT conftest.c >&5
configure:7236: $? = 0
configure:7236: result: yes
configure:7236: checking GL/gl.h presence
configure:7236: gcc -E  -I/usr/include/SDL -D_GNU_SOURCE=1 -D_REENTRANT conftest.c
configure:7236: $? = 0
configure:7236: result: yes
configure:7236: checking for GL/gl.h
configure:7236: result: yes
configure:7251: checking whether opengl display output will be enabled
configure:7264: result: yes
configure:7284: checking SDL_sound.h usability
configure:7284: gcc -c -g -O2  -I/usr/include/SDL -D_GNU_SOURCE=1 -D_REENTRANT conftest.c >&5
conftest.c:82:23: fatal error: SDL_sound.h: No such file or directory
compilation terminated.
configure:7284: $? = 1
configure: failed program was:
| /* confdefs.h */
| #define PACKAGE_NAME "dosbox"
| #define PACKAGE_TARNAME "dosbox"
| #define PACKAGE_VERSION "SVN"
| #define PACKAGE_STRING "dosbox SVN"
| #define PACKAGE_BUGREPORT ""
| #define PACKAGE_URL ""
| #define PACKAGE "dosbox"
| #define VERSION "SVN"
| #define STDC_HEADERS 1
| #define HAVE_SYS_TYPES_H 1
| #define HAVE_SYS_STAT_H 1
| #define HAVE_STDLIB_H 1
| #define HAVE_STRING_H 1
| #define HAVE_MEMORY_H 1
| #define HAVE_STRINGS_H 1
| #define HAVE_INTTYPES_H 1
| #define HAVE_STDINT_H 1
| #define HAVE_UNISTD_H 1
| #define SIZEOF_UNSIGNED_CHAR 1
| #define SIZEOF_UNSIGNED_SHORT 2
| #define SIZEOF_UNSIGNED_INT 4
| #define SIZEOF_UNSIGNED_LONG 8
| #define SIZEOF_UNSIGNED_LONG_LONG 8
| #define SIZEOF_INT_P 8
| #define HAVE_STDLIB_H 1
| #define HAVE_SYS_TYPES_H 1
| #define HAVE_SYS_SOCKET_H 1
| #define HAVE_NETINET_IN_H 1
| #define HAVE_PWD_H 1
| #define ENVIRON_INCLUDED 1
| #define ENVIRON_LINKED 1
| #define DIRENT_HAS_D_TYPE 1
| #define DB_HAVE_CLOCK_GETTIME 1
| #define C_HAS_ATTRIBUTE 1
| #define C_ATTRIBUTE_ALWAYS_INLINE 1
| #define C_HAS_BUILTIN_EXPECT 1
| #define HAVE_LIBASOUND 1
| #define HAVE_ALSA 1
| #define C_TARGETCPU X86_64
| #define C_DYNREC 1
| #define C_FPU 1
| #define C_FPU_X86 1
| #define C_UNALIGNED_MEMORY 1
| #define C_SSHOT 1
| #define C_X11_XKB 1
| #define C_OPENGL 1
| /* end confdefs.h.  */
| #include <stdio.h>
| #ifdef HAVE_SYS_TYPES_H
| # include <sys/types.h>
| #endif
| #ifdef HAVE_SYS_STAT_H
| # include <sys/stat.h>
| #endif
| #ifdef STDC_HEADERS
| # include <stdlib.h>
| # include <stddef.h>
| #else
| # ifdef HAVE_STDLIB_H
| #  include <stdlib.h>
| # endif
| #endif
| #ifdef HAVE_STRING_H
| # if !defined STDC_HEADERS && defined HAVE_MEMORY_H
| #  include <memory.h>
| # endif
| # include <string.h>
| #endif
| #ifdef HAVE_STRINGS_H
| # include <strings.h>
| #endif
| #ifdef HAVE_INTTYPES_H
| # include <inttypes.h>
| #endif
| #ifdef HAVE_STDINT_H
| # include <stdint.h>
| #endif
| #ifdef HAVE_UNISTD_H
| # include <unistd.h>
| #endif
| #include <SDL_sound.h>
configure:7284: result: no
configure:7284: checking SDL_sound.h presence
configure:7284: gcc -E  -I/usr/include/SDL -D_GNU_SOURCE=1 -D_REENTRANT conftest.c
conftest.c:49:23: fatal error: SDL_sound.h: No such file or directory
compilation terminated.
configure:7284: $? = 1
configure: failed program was:
| /* confdefs.h */
| #define PACKAGE_NAME "dosbox"
| #define PACKAGE_TARNAME "dosbox"
| #define PACKAGE_VERSION "SVN"
| #define PACKAGE_STRING "dosbox SVN"
| #define PACKAGE_BUGREPORT ""
| #define PACKAGE_URL ""
| #define PACKAGE "dosbox"
| #define VERSION "SVN"
| #define STDC_HEADERS 1
| #define HAVE_SYS_TYPES_H 1
| #define HAVE_SYS_STAT_H 1
| #define HAVE_STDLIB_H 1
| #define HAVE_STRING_H 1
| #define HAVE_MEMORY_H 1
| #define HAVE_STRINGS_H 1
| #define HAVE_INTTYPES_H 1
| #define HAVE_STDINT_H 1
| #define HAVE_UNISTD_H 1
| #define SIZEOF_UNSIGNED_CHAR 1
| #define SIZEOF_UNSIGNED_SHORT 2
| #define SIZEOF_UNSIGNED_INT 4
| #define SIZEOF_UNSIGNED_LONG 8
| #define SIZEOF_UNSIGNED_LONG_LONG 8
| #define SIZEOF_INT_P 8
| #define HAVE_STDLIB_H 1
| #define HAVE_SYS_TYPES_H 1
| #define HAVE_SYS_SOCKET_H 1
| #define HAVE_NETINET_IN_H 1
| #define HAVE_PWD_H 1
| #define ENVIRON_INCLUDED 1
| #define ENVIRON_LINKED 1
| #define DIRENT_HAS_D_TYPE 1
| #define DB_HAVE_CLOCK_GETTIME 1
| #define C_HAS_ATTRIBUTE 1
| #define C_ATTRIBUTE_ALWAYS_INLINE 1
| #define C_HAS_BUILTIN_EXPECT 1
| #define HAVE_LIBASOUND 1
| #define HAVE_ALSA 1
| #define C_TARGETCPU X86_64
| #define C_DYNREC 1
| #define C_FPU 1
| #define C_FPU_X86 1
| #define C_UNALIGNED_MEMORY 1
| #define C_SSHOT 1
| #define C_X11_XKB 1
| #define C_OPENGL 1
| /* end confdefs.h.  */
| #include <SDL_sound.h>
configure:7284: result: no
configure:7284: checking for SDL_sound.h
configure:7284: result: no
configure:7290: checking for Sound_Init in -lSDL_sound
configure:7315: gcc -o conftest -g -O2  -I/usr/include/SDL -D_GNU_SOURCE=1 -D_REENTRANT  conftest.c -lSDL_sound  -lasound -lm -ldl -lpthread -L/usr/lib -lSDL -lpng -lz -lX11 -lGL >&5
/usr/bin/ld: cannot find -lSDL_sound
collect2: error: ld returned 1 exit status
configure:7315: $? = 1
configure: failed program was:
| /* confdefs.h */
| #define PACKAGE_NAME "dosbox"
| #define PACKAGE_TARNAME "dosbox"
| #define PACKAGE_VERSION "SVN"
| #define PACKAGE_STRING "dosbox SVN"
| #define PACKAGE_BUGREPORT ""
| #define PACKAGE_URL ""
| #define PACKAGE "dosbox"
| #define VERSION "SVN"
| #define STDC_HEADERS 1
| #define HAVE_SYS_TYPES_H 1
| #define HAVE_SYS_STAT_H 1
| #define HAVE_STDLIB_H 1
| #define HAVE_STRING_H 1
| #define HAVE_MEMORY_H 1
| #define HAVE_STRINGS_H 1
| #define HAVE_INTTYPES_H 1
| #define HAVE_STDINT_H 1
| #define HAVE_UNISTD_H 1
| #define SIZEOF_UNSIGNED_CHAR 1
| #define SIZEOF_UNSIGNED_SHORT 2
| #define SIZEOF_UNSIGNED_INT 4
| #define SIZEOF_UNSIGNED_LONG 8
| #define SIZEOF_UNSIGNED_LONG_LONG 8
| #define SIZEOF_INT_P 8
| #define HAVE_STDLIB_H 1
| #define HAVE_SYS_TYPES_H 1
| #define HAVE_SYS_SOCKET_H 1
| #define HAVE_NETINET_IN_H 1
| #define HAVE_PWD_H 1
| #define ENVIRON_INCLUDED 1
| #define ENVIRON_LINKED 1
| #define DIRENT_HAS_D_TYPE 1
| #define DB_HAVE_CLOCK_GETTIME 1
| #define C_HAS_ATTRIBUTE 1
| #define C_ATTRIBUTE_ALWAYS_INLINE 1
| #define C_HAS_BUILTIN_EXPECT 1
| #define HAVE_LIBASOUND 1
| #define HAVE_ALSA 1
| #define C_TARGETCPU X86_64
| #define C_DYNREC 1
| #define C_FPU 1
| #define C_FPU_X86 1
| #define C_UNALIGNED_MEMORY 1
| #define C_SSHOT 1
| #define C_X11_XKB 1
| #define C_OPENGL 1
| /* end confdefs.h.  */
| 
| /* Override any GCC internal prototype to avoid an error.
|    Use char because int might match the return type of a GCC
|    builtin and then its argument prototype would still apply.  */
| #ifdef __cplusplus
| extern "C"
| #endif
| char Sound_Init ();
| int
| main ()
| {
| return Sound_Init ();
|   ;
|   return 0;
| }
configure:7324: result: no
configure:7330: checking for Sound_Seek in -lSDL_sound
configure:7355: gcc -o conftest -g -O2  -I/usr/include/SDL -D_GNU_SOURCE=1 -D_REENTRANT  conftest.c -lSDL_sound  -lasound -lm -ldl -lpthread -L/usr/lib -lSDL -lpng -lz -lX11 -lGL >&5
/usr/bin/ld: cannot find -lSDL_sound
collect2: error: ld returned 1 exit status
configure:7355: $? = 1
configure: failed program was:
| /* confdefs.h */
| #define PACKAGE_NAME "dosbox"
| #define PACKAGE_TARNAME "dosbox"
| #define PACKAGE_VERSION "SVN"
| #define PACKAGE_STRING "dosbox SVN"
| #define PACKAGE_BUGREPORT ""
| #define PACKAGE_URL ""
| #define PACKAGE "dosbox"
| #define VERSION "SVN"
| #define STDC_HEADERS 1
| #define HAVE_SYS_TYPES_H 1
| #define HAVE_SYS_STAT_H 1
| #define HAVE_STDLIB_H 1
| #define HAVE_STRING_H 1
| #define HAVE_MEMORY_H 1
| #define HAVE_STRINGS_H 1
| #define HAVE_INTTYPES_H 1
| #define HAVE_STDINT_H 1
| #define HAVE_UNISTD_H 1
| #define SIZEOF_UNSIGNED_CHAR 1
| #define SIZEOF_UNSIGNED_SHORT 2
| #define SIZEOF_UNSIGNED_INT 4
| #define SIZEOF_UNSIGNED_LONG 8
| #define SIZEOF_UNSIGNED_LONG_LONG 8
| #define SIZEOF_INT_P 8
| #define HAVE_STDLIB_H 1
| #define HAVE_SYS_TYPES_H 1
| #define HAVE_SYS_SOCKET_H 1
| #define HAVE_NETINET_IN_H 1
| #define HAVE_PWD_H 1
| #define ENVIRON_INCLUDED 1
| #define ENVIRON_LINKED 1
| #define DIRENT_HAS_D_TYPE 1
| #define DB_HAVE_CLOCK_GETTIME 1
| #define C_HAS_ATTRIBUTE 1
| #define C_ATTRIBUTE_ALWAYS_INLINE 1
| #define C_HAS_BUILTIN_EXPECT 1
| #define HAVE_LIBASOUND 1
| #define HAVE_ALSA 1
| #define C_TARGETCPU X86_64
| #define C_DYNREC 1
| #define C_FPU 1
| #define C_FPU_X86 1
| #define C_UNALIGNED_MEMORY 1
| #define C_SSHOT 1
| #define C_X11_XKB 1
| #define C_OPENGL 1
| /* end confdefs.h.  */
| 
| /* Override any GCC internal prototype to avoid an error.
|    Use char because int might match the return type of a GCC
|    builtin and then its argument prototype would still apply.  */
| #ifdef __cplusplus
| extern "C"
| #endif
| char Sound_Seek ();
| int
| main ()
| {
| return Sound_Seek ();
|   ;
|   return 0;
| }
configure:7364: result: no
configure:7380: WARNING: Can't find libSDL_sound, libSDL_sound support disabled
configure:7385: checking sys/mman.h usability
configure:7385: gcc -c -g -O2  -I/usr/include/SDL -D_GNU_SOURCE=1 -D_REENTRANT conftest.c >&5
configure:7385: $? = 0
configure:7385: result: yes
configure:7385: checking sys/mman.h presence
configure:7385: gcc -E  -I/usr/include/SDL -D_GNU_SOURCE=1 -D_REENTRANT conftest.c
configure:7385: $? = 0
configure:7385: result: yes
configure:7385: checking for sys/mman.h
configure:7385: result: yes
configure:7388: checking for mprotect
configure:7388: gcc -o conftest -g -O2  -I/usr/include/SDL -D_GNU_SOURCE=1 -D_REENTRANT  conftest.c -lasound -lm -ldl -lpthread -L/usr/lib -lSDL -lpng -lz -lX11 -lGL >&5
configure:7388: $? = 0
configure:7388: result: yes
configure:7400: checking for setpriority support
configure:7411: gcc -o conftest -g -O2  -I/usr/include/SDL -D_GNU_SOURCE=1 -D_REENTRANT  conftest.c -lasound -lm -ldl -lpthread -L/usr/lib -lSDL -lpng -lz -lX11 -lGL >&5
configure:7411: $? = 0
configure:7412: result: yes
configure:7701: checking that generated files are newer than configure
configure:7707: result: done
configure:7739: creating ./config.status

## ---------------------- ##
## Running config.status. ##
## ---------------------- ##

This file was extended by dosbox config.status SVN, which was
generated by GNU Autoconf 2.69.  Invocation command line was

  CONFIG_FILES    = 
  CONFIG_HEADERS  = 
  CONFIG_LINKS    = 
  CONFIG_COMMANDS = 
  $ ./config.status 

on bulky

config.status:930: creating Makefile
config.status:930: creating src/Makefile
config.status:930: creating src/cpu/Makefile
config.status:930: creating src/cpu/core_full/Makefile
config.status:930: creating src/cpu/core_normal/Makefile
config.status:930: creating src/cpu/core_dyn_x86/Makefile
config.status:930: creating src/cpu/core_dynrec/Makefile
config.status:930: creating src/debug/Makefile
config.status:930: creating src/dos/Makefile
config.status:930: creating src/fpu/Makefile
config.status:930: creating src/gui/Makefile
config.status:930: creating src/hardware/Makefile
config.status:930: creating src/hardware/serialport/Makefile
config.status:930: creating src/ints/Makefile
config.status:930: creating src/libs/Makefile
config.status:930: creating src/libs/zmbv/Makefile
config.status:930: creating src/libs/gui_tk/Makefile
config.status:930: creating src/misc/Makefile
config.status:930: creating src/shell/Makefile
config.status:930: creating src/platform/Makefile
config.status:930: creating src/platform/visualc/Makefile
config.status:930: creating visualc_net/Makefile
config.status:930: creating include/Makefile
config.status:930: creating docs/Makefile
config.status:930: creating config.h
config.status:1159: executing depfiles commands

## ---------------- ##
## Cache variables. ##
## ---------------- ##

ac_cv_build=x86_64-unknown-linux-gnu
ac_cv_c_bigendian=no
ac_cv_c_compiler_gnu=yes
ac_cv_c_const=yes
ac_cv_c_inline=inline
ac_cv_cxx_compiler_gnu=yes
ac_cv_env_CCC_set=
ac_cv_env_CCC_value=
ac_cv_env_CC_set=
ac_cv_env_CC_value=
ac_cv_env_CFLAGS_set=
ac_cv_env_CFLAGS_value=
ac_cv_env_CPPFLAGS_set=
ac_cv_env_CPPFLAGS_value=
ac_cv_env_CPP_set=
ac_cv_env_CPP_value=
ac_cv_env_CXXFLAGS_set=
ac_cv_env_CXXFLAGS_value=
ac_cv_env_CXX_set=
ac_cv_env_CXX_value=
ac_cv_env_LDFLAGS_set=
ac_cv_env_LDFLAGS_value=
ac_cv_env_LIBS_set=
ac_cv_env_LIBS_value=
ac_cv_env_build_alias_set=
ac_cv_env_build_alias_value=
ac_cv_env_host_alias_set=
ac_cv_env_host_alias_value=
ac_cv_env_target_alias_set=
ac_cv_env_target_alias_value=
ac_cv_func_mprotect=yes
ac_cv_header_GL_gl_h=yes
ac_cv_header_SDL_net_h=no
ac_cv_header_SDL_sound_h=no
ac_cv_header_X11_XKBlib_h=yes
ac_cv_header_inttypes_h=yes
ac_cv_header_memory_h=yes
ac_cv_header_netinet_in_h=yes
ac_cv_header_png_h=yes
ac_cv_header_pwd_h=yes
ac_cv_header_stdc=yes
ac_cv_header_stdint_h=yes
ac_cv_header_stdlib_h=yes
ac_cv_header_string_h=yes
ac_cv_header_strings_h=yes
ac_cv_header_sys_mman_h=yes
ac_cv_header_sys_socket_h=yes
ac_cv_header_sys_stat_h=yes
ac_cv_header_sys_types_h=yes
ac_cv_header_unistd_h=yes
ac_cv_host=x86_64-unknown-linux-gnu
ac_cv_lib_GL_main=yes
ac_cv_lib_SDL_net_SDLNet_Init=no
ac_cv_lib_SDL_sound_Sound_Init=no
ac_cv_lib_SDL_sound_Sound_Seek=no
ac_cv_lib_X11_main=yes
ac_cv_lib_asound_snd_ctl_open=yes
ac_cv_lib_opengl32_main=no
ac_cv_lib_png_png_get_io_ptr=yes
ac_cv_objext=o
ac_cv_path_EGREP='/usr/bin/grep -E'
ac_cv_path_GREP=/usr/bin/grep
ac_cv_path_SDL_CONFIG=/usr/bin/sdl-config
ac_cv_path_install='/usr/bin/install -c'
ac_cv_path_mkdir=/usr/bin/mkdir
ac_cv_prog_AWK=gawk
ac_cv_prog_CPP='gcc -E'
ac_cv_prog_ac_ct_CC=gcc
ac_cv_prog_ac_ct_CXX=g++
ac_cv_prog_ac_ct_RANLIB=ranlib
ac_cv_prog_cc_c89=
ac_cv_prog_cc_g=yes
ac_cv_prog_cxx_g=yes
ac_cv_prog_make_make_set=yes
ac_cv_search_clock_gettime='none required'
ac_cv_sizeof_int_p=8
ac_cv_sizeof_unsigned_char=1
ac_cv_sizeof_unsigned_int=4
ac_cv_sizeof_unsigned_long=8
ac_cv_sizeof_unsigned_long_long=8
ac_cv_sizeof_unsigned_short=2
ac_cv_struct_tm=time.h
ac_cv_type_size_t=yes
am_cv_CC_dependencies_compiler_type=gcc3
am_cv_CXX_dependencies_compiler_type=gcc3
am_cv_make_support_nested_variables=yes
am_cv_prog_cc_c_o=yes

## ----------------- ##
## Output variables. ##
## ----------------- ##

ACLOCAL='${SHELL} /home/rasse/src/dosbox-code-0/missing aclocal-1.15'
ALSA_CFLAGS=''
ALSA_LIBS=' -lasound -lm -ldl -lpthread'
AMDEPBACKSLASH='\'
AMDEP_FALSE='#'
AMDEP_TRUE=''
AMTAR='$${TAR-tar}'
AM_BACKSLASH='\'
AM_DEFAULT_V='$(AM_DEFAULT_VERBOSITY)'
AM_DEFAULT_VERBOSITY='1'
AM_V='$(V)'
AUTOCONF='${SHELL} /home/rasse/src/dosbox-code-0/missing autoconf'
AUTOHEADER='${SHELL} /home/rasse/src/dosbox-code-0/missing autoheader'
AUTOMAKE='${SHELL} /home/rasse/src/dosbox-code-0/missing automake-1.15'
AWK='gawk'
CC='gcc'
CCDEPMODE='depmode=gcc3'
CFLAGS='-g -O2'
CPP='gcc -E'
CPPFLAGS=' -I/usr/include/SDL -D_GNU_SOURCE=1 -D_REENTRANT'
CXX='g++'
CXXDEPMODE='depmode=gcc3'
CXXFLAGS='-g -O2 -mno-ms-bitfields '
CYGPATH_W='echo'
DEFS='-DHAVE_CONFIG_H'
DEPDIR='.deps'
ECHO_C=''
ECHO_N='-n'
ECHO_T=''
EGREP='/usr/bin/grep -E'
EXEEXT=''
GREP='/usr/bin/grep'
HAVE_WINDRES_FALSE=''
HAVE_WINDRES_TRUE='#'
INSTALL_DATA='${INSTALL} -m 644'
INSTALL_PROGRAM='${INSTALL}'
INSTALL_SCRIPT='${INSTALL}'
INSTALL_STRIP_PROGRAM='$(install_sh) -c -s'
LDFLAGS=''
LIBOBJS=''
LIBS='-lasound -lm -ldl -lpthread -L/usr/lib -lSDL -lpng -lz -lX11 -lGL'
LTLIBOBJS=''
MAKEINFO='${SHELL} /home/rasse/src/dosbox-code-0/missing makeinfo'
MKDIR_P='/usr/bin/mkdir -p'
OBJEXT='o'
PACKAGE='dosbox'
PACKAGE_BUGREPORT=''
PACKAGE_NAME='dosbox'
PACKAGE_STRING='dosbox SVN'
PACKAGE_TARNAME='dosbox'
PACKAGE_URL=''
PACKAGE_VERSION='SVN'
PATH_SEPARATOR=':'
RANLIB='ranlib'
SDL_CFLAGS='-I/usr/include/SDL -D_GNU_SOURCE=1 -D_REENTRANT'
SDL_CONFIG='/usr/bin/sdl-config'
SDL_LIBS='-L/usr/lib -lSDL -lpthread'
SET_MAKE=''
SHELL='/bin/sh'
STRIP=''
VERSION='SVN'
WINDRES=':'
ac_ct_CC='gcc'
ac_ct_CXX='g++'
am__EXEEXT_FALSE=''
am__EXEEXT_TRUE='#'
am__fastdepCC_FALSE='#'
am__fastdepCC_TRUE=''
am__fastdepCXX_FALSE='#'
am__fastdepCXX_TRUE=''
am__include='include'
am__isrc=''
am__leading_dot='.'
am__nodep='_no'
am__quote=''
am__tar='$${TAR-tar} chof - "$$tardir"'
am__untar='$${TAR-tar} xf -'
bindir='${exec_prefix}/bin'
build='x86_64-unknown-linux-gnu'
build_alias=''
build_cpu='x86_64'
build_os='linux-gnu'
build_vendor='unknown'
datadir='${datarootdir}'
datarootdir='${prefix}/share'
docdir='${datarootdir}/doc/${PACKAGE_TARNAME}'
dvidir='${docdir}'
exec_prefix='${prefix}'
host='x86_64-unknown-linux-gnu'
host_alias=''
host_cpu='x86_64'
host_os='linux-gnu'
host_vendor='unknown'
htmldir='${docdir}'
includedir='${prefix}/include'
infodir='${datarootdir}/info'
install_sh='${SHELL} /home/rasse/src/dosbox-code-0/install-sh'
libdir='${exec_prefix}/lib'
libexecdir='${exec_prefix}/libexec'
localedir='${datarootdir}/locale'
localstatedir='${prefix}/var'
mandir='${datarootdir}/man'
mkdir_p='$(MKDIR_P)'
oldincludedir='/usr/include'
pdfdir='${docdir}'
prefix='/usr/local'
program_transform_name='s,x,x,'
psdir='${docdir}'
sbindir='${exec_prefix}/sbin'
sharedstatedir='${prefix}/com'
sysconfdir='${prefix}/etc'
target_alias=''

## ----------- ##
## confdefs.h. ##
## ----------- ##

/* confdefs.h */
#define PACKAGE_NAME "dosbox"
#define PACKAGE_TARNAME "dosbox"
#define PACKAGE_VERSION "SVN"
#define PACKAGE_STRING "dosbox SVN"
#define PACKAGE_BUGREPORT ""
#define PACKAGE_URL ""
#define PACKAGE "dosbox"
#define VERSION "SVN"
#define STDC_HEADERS 1
#define HAVE_SYS_TYPES_H 1
#define HAVE_SYS_STAT_H 1
#define HAVE_STDLIB_H 1
#define HAVE_STRING_H 1
#define HAVE_MEMORY_H 1
#define HAVE_STRINGS_H 1
#define HAVE_INTTYPES_H 1
#define HAVE_STDINT_H 1
#define HAVE_UNISTD_H 1
#define SIZEOF_UNSIGNED_CHAR 1
#define SIZEOF_UNSIGNED_SHORT 2
#define SIZEOF_UNSIGNED_INT 4
#define SIZEOF_UNSIGNED_LONG 8
#define SIZEOF_UNSIGNED_LONG_LONG 8
#define SIZEOF_INT_P 8
#define HAVE_STDLIB_H 1
#define HAVE_SYS_TYPES_H 1
#define HAVE_SYS_SOCKET_H 1
#define HAVE_NETINET_IN_H 1
#define HAVE_PWD_H 1
#define ENVIRON_INCLUDED 1
#define ENVIRON_LINKED 1
#define DIRENT_HAS_D_TYPE 1
#define DB_HAVE_CLOCK_GETTIME 1
#define C_HAS_ATTRIBUTE 1
#define C_ATTRIBUTE_ALWAYS_INLINE 1
#define C_HAS_BUILTIN_EXPECT 1
#define HAVE_LIBASOUND 1
#define HAVE_ALSA 1
#define C_TARGETCPU X86_64
#define C_DYNREC 1
#define C_FPU 1
#define C_FPU_X86 1
#define C_UNALIGNED_MEMORY 1
#define C_SSHOT 1
#define C_X11_XKB 1
#define C_OPENGL 1
#define C_HAVE_MPROTECT 1
#define C_SET_PRIORITY 1
#define LINUX 1
#define C_DIRECTSERIAL 1

configure: exit 0

## ---------------------- ##
## Running config.status. ##
## ---------------------- ##

This file was extended by dosbox config.status SVN, which was
generated by GNU Autoconf 2.69.  Invocation command line was

  CONFIG_FILES    = 
  CONFIG_HEADERS  = 
  CONFIG_LINKS    = 
  CONFIG_COMMANDS = 
  $ ./config.status config.h

on bulky

config.status:930: creating config.h
config.status:1111: config.h is unchanged
